<?xml version="1.0" encoding="UTF-8"?>
<!-- Generated by org.testng.reporters.JUnitReportReporter -->
<testsuite hostname="ERROR" failures="0" tests="1" name="GiftCardPage.buyGiftCard" time="15.298" errors="0" timestamp="2024-04-30T15:18:31 EET" skipped="0">
  <testcase classname="GiftCardPage.buyGiftCard" name="buyGiftCardProcess" time="15.298"/>
  <system-out/>
</testsuite> <!-- GiftCardPage.buyGiftCard -->
